Build started 2/26/2017 1:15:45 AM.
     1>Project "C:\Users\AHO\Desktop\عبد الرحمن الحوراني - محمد عيد التل - زكريا الشيخ - حنين مسعود\OpenGL_on_a_Windows_Form - Full Version\OpenGL_on_a_Windows_Form\OpenGL_on_a_Windows_Form.vcxproj" on node 2 (Build target(s)).
     1>ClCompile:
         C:\Program Files (x86)\Microsoft Visual Studio 11.0\VC\bin\CL.exe /c /AI"C:\Program Files (x86)\Reference Assemblies\Microsoft\Framework\.NETFramework\v4.0" /AI"C:\Program Files (x86)\Windows Kits\8.0\References\CommonConfiguration\Neutral" /Zi /clr /nologo /W3 /WX- /Od /Oy- /D WIN32 /D _DEBUG /D _UNICODE /D UNICODE /EHa /MDd /GS /fp:precise /Zc:wchar_t /Zc:forScope /Yu"stdafx.h" /Fp"Debug\OpenGL_on_a_Windows_Form.pch" /Fo"Debug\\" /Fd"Debug\vc110.pdb" /TP /FU"C:\Program Files (x86)\Reference Assemblies\Microsoft\Framework\.NETFramework\v4.0\mscorlib.dll" /FU"C:\Program Files (x86)\Reference Assemblies\Microsoft\Framework\.NETFramework\v4.0\System.Data.dll" /FU"C:\Program Files (x86)\Reference Assemblies\Microsoft\Framework\.NETFramework\v4.0\System.DirectoryServices.dll" /FU"C:\Program Files (x86)\Reference Assemblies\Microsoft\Framework\.NETFramework\v4.0\System.dll" /FU"C:\Program Files (x86)\Reference Assemblies\Microsoft\Framework\.NETFramework\v4.0\System.Drawing.dll" /FU"C:\Program Files (x86)\Reference Assemblies\Microsoft\Framework\.NETFramework\v4.0\System.Windows.Forms.dll" /FU"C:\Program Files (x86)\Reference Assemblies\Microsoft\Framework\.NETFramework\v4.0\System.Xml.dll" /analyze- /errorReport:prompt /clr:nostdlib OpenGL_on_a_Windows_Form.cpp STRING.cpp
         OpenGL_on_a_Windows_Form.cpp
     1>c:\users\aho\desktop\عبد الرحمن الحوراني - محمد عيد التل - زكريا الشيخ - حنين مسعود\opengl_on_a_windows_form - full version\opengl_on_a_windows_form\OpenGL.h(55): warning C4677: 'stringObject1': signature of non-private member contains assembly private type 'STRING'
                 c:\users\aho\desktop\عبد الرحمن الحوراني - محمد عيد التل - زكريا الشيخ - حنين مسعود\opengl_on_a_windows_form - full version\opengl_on_a_windows_form\STRING.h(4) : see declaration of 'STRING'
     1>c:\users\aho\desktop\عبد الرحمن الحوراني - محمد عيد التل - زكريا الشيخ - حنين مسعود\opengl_on_a_windows_form - full version\opengl_on_a_windows_form\OpenGL.h(56): warning C4677: 'stringObject2': signature of non-private member contains assembly private type 'STRING'
                 c:\users\aho\desktop\عبد الرحمن الحوراني - محمد عيد التل - زكريا الشيخ - حنين مسعود\opengl_on_a_windows_form - full version\opengl_on_a_windows_form\STRING.h(4) : see declaration of 'STRING'
     1>c:\users\aho\desktop\عبد الرحمن الحوراني - محمد عيد التل - زكريا الشيخ - حنين مسعود\opengl_on_a_windows_form - full version\opengl_on_a_windows_form\OpenGL.h(57): warning C4677: 'stringObject3': signature of non-private member contains assembly private type 'STRING'
                 c:\users\aho\desktop\عبد الرحمن الحوراني - محمد عيد التل - زكريا الشيخ - حنين مسعود\opengl_on_a_windows_form - full version\opengl_on_a_windows_form\STRING.h(4) : see declaration of 'STRING'
     1>c:\users\aho\desktop\عبد الرحمن الحوراني - محمد عيد التل - زكريا الشيخ - حنين مسعود\opengl_on_a_windows_form - full version\opengl_on_a_windows_form\OpenGL.h(58): warning C4677: 'stringObject4': signature of non-private member contains assembly private type 'STRING'
                 c:\users\aho\desktop\عبد الرحمن الحوراني - محمد عيد التل - زكريا الشيخ - حنين مسعود\opengl_on_a_windows_form - full version\opengl_on_a_windows_form\STRING.h(4) : see declaration of 'STRING'
     1>c:\users\aho\desktop\عبد الرحمن الحوراني - محمد عيد التل - زكريا الشيخ - حنين مسعود\opengl_on_a_windows_form - full version\opengl_on_a_windows_form\OpenGL.h(59): warning C4677: 'stringObject5': signature of non-private member contains assembly private type 'STRING'
                 c:\users\aho\desktop\عبد الرحمن الحوراني - محمد عيد التل - زكريا الشيخ - حنين مسعود\opengl_on_a_windows_form - full version\opengl_on_a_windows_form\STRING.h(4) : see declaration of 'STRING'
     1>c:\users\aho\desktop\عبد الرحمن الحوراني - محمد عيد التل - زكريا الشيخ - حنين مسعود\opengl_on_a_windows_form - full version\opengl_on_a_windows_form\OpenGL.h(60): warning C4677: 'stringObject6': signature of non-private member contains assembly private type 'STRING'
                 c:\users\aho\desktop\عبد الرحمن الحوراني - محمد عيد التل - زكريا الشيخ - حنين مسعود\opengl_on_a_windows_form - full version\opengl_on_a_windows_form\STRING.h(4) : see declaration of 'STRING'
     1>c:\users\aho\desktop\عبد الرحمن الحوراني - محمد عيد التل - زكريا الشيخ - حنين مسعود\opengl_on_a_windows_form - full version\opengl_on_a_windows_form\OpenGL.h(62): warning C4677: 'OneStringObject': signature of non-private member contains assembly private type 'OneString'
                 c:\users\aho\desktop\عبد الرحمن الحوراني - محمد عيد التل - زكريا الشيخ - حنين مسعود\opengl_on_a_windows_form - full version\opengl_on_a_windows_form\OneString.h(3) : see declaration of 'OneString'
         STRING.cpp
     1>c:\users\aho\desktop\عبد الرحمن الحوراني - محمد عيد التل - زكريا الشيخ - حنين مسعود\opengl_on_a_windows_form - full version\opengl_on_a_windows_form\OpenGL.h(55): warning C4677: 'stringObject1': signature of non-private member contains assembly private type 'STRING'
                 c:\users\aho\desktop\عبد الرحمن الحوراني - محمد عيد التل - زكريا الشيخ - حنين مسعود\opengl_on_a_windows_form - full version\opengl_on_a_windows_form\STRING.h(4) : see declaration of 'STRING'
     1>c:\users\aho\desktop\عبد الرحمن الحوراني - محمد عيد التل - زكريا الشيخ - حنين مسعود\opengl_on_a_windows_form - full version\opengl_on_a_windows_form\OpenGL.h(56): warning C4677: 'stringObject2': signature of non-private member contains assembly private type 'STRING'
                 c:\users\aho\desktop\عبد الرحمن الحوراني - محمد عيد التل - زكريا الشيخ - حنين مسعود\opengl_on_a_windows_form - full version\opengl_on_a_windows_form\STRING.h(4) : see declaration of 'STRING'
     1>c:\users\aho\desktop\عبد الرحمن الحوراني - محمد عيد التل - زكريا الشيخ - حنين مسعود\opengl_on_a_windows_form - full version\opengl_on_a_windows_form\OpenGL.h(57): warning C4677: 'stringObject3': signature of non-private member contains assembly private type 'STRING'
                 c:\users\aho\desktop\عبد الرحمن الحوراني - محمد عيد التل - زكريا الشيخ - حنين مسعود\opengl_on_a_windows_form - full version\opengl_on_a_windows_form\STRING.h(4) : see declaration of 'STRING'
     1>c:\users\aho\desktop\عبد الرحمن الحوراني - محمد عيد التل - زكريا الشيخ - حنين مسعود\opengl_on_a_windows_form - full version\opengl_on_a_windows_form\OpenGL.h(58): warning C4677: 'stringObject4': signature of non-private member contains assembly private type 'STRING'
                 c:\users\aho\desktop\عبد الرحمن الحوراني - محمد عيد التل - زكريا الشيخ - حنين مسعود\opengl_on_a_windows_form - full version\opengl_on_a_windows_form\STRING.h(4) : see declaration of 'STRING'
     1>c:\users\aho\desktop\عبد الرحمن الحوراني - محمد عيد التل - زكريا الشيخ - حنين مسعود\opengl_on_a_windows_form - full version\opengl_on_a_windows_form\OpenGL.h(59): warning C4677: 'stringObject5': signature of non-private member contains assembly private type 'STRING'
                 c:\users\aho\desktop\عبد الرحمن الحوراني - محمد عيد التل - زكريا الشيخ - حنين مسعود\opengl_on_a_windows_form - full version\opengl_on_a_windows_form\STRING.h(4) : see declaration of 'STRING'
     1>c:\users\aho\desktop\عبد الرحمن الحوراني - محمد عيد التل - زكريا الشيخ - حنين مسعود\opengl_on_a_windows_form - full version\opengl_on_a_windows_form\OpenGL.h(60): warning C4677: 'stringObject6': signature of non-private member contains assembly private type 'STRING'
                 c:\users\aho\desktop\عبد الرحمن الحوراني - محمد عيد التل - زكريا الشيخ - حنين مسعود\opengl_on_a_windows_form - full version\opengl_on_a_windows_form\STRING.h(4) : see declaration of 'STRING'
     1>c:\users\aho\desktop\عبد الرحمن الحوراني - محمد عيد التل - زكريا الشيخ - حنين مسعود\opengl_on_a_windows_form - full version\opengl_on_a_windows_form\OpenGL.h(62): warning C4677: 'OneStringObject': signature of non-private member contains assembly private type 'OneString'
                 c:\users\aho\desktop\عبد الرحمن الحوراني - محمد عيد التل - زكريا الشيخ - حنين مسعود\opengl_on_a_windows_form - full version\opengl_on_a_windows_form\OneString.h(3) : see declaration of 'OneString'
         Generating Code...
       Link:
         C:\Program Files (x86)\Microsoft Visual Studio 11.0\VC\bin\link.exe /ERRORREPORT:PROMPT /OUT:"C:\Users\AHO\Desktop\عبد الرحمن الحوراني - محمد عيد التل - زكريا الشيخ - حنين مسعود\OpenGL_on_a_Windows_Form - Full Version\Debug\OpenGL_on_a_Windows_Form.exe" /INCREMENTAL /NOLOGO openGL32.lib glu32.lib gdi32.lib User32.lib alut.lib /ASSEMBLYRESOURCE:Debug\OpenGL_on_a_Windows_Form.Form1.resources /MANIFEST /MANIFESTUAC:"level='asInvoker' uiAccess='false'" /manifest:embed /DEBUG /PDB:"C:\Users\AHO\Desktop\عبد الرحمن الحوراني - محمد عيد التل - زكريا الشيخ - حنين مسعود\OpenGL_on_a_Windows_Form - Full Version\Debug\OpenGL_on_a_Windows_Form.pdb" /ASSEMBLYDEBUG /SUBSYSTEM:WINDOWS /TLBID:1 /ENTRY:"main" /DYNAMICBASE /FIXED:NO /NXCOMPAT /MACHINE:X86 Debug\app.res
         Debug\AssemblyInfo.obj
         Debug\OneString.obj
         Debug\OpenGL_on_a_Windows_Form.obj
         Debug\stdafx.obj
         Debug\STRING.obj
         Debug\texture.obj
         "Debug\.NETFramework,Version=v4.0.AssemblyAttributes.obj"
         OpenGL_on_a_Windows_Form.vcxproj -> C:\Users\AHO\Desktop\عبد الرحمن الحوراني - محمد عيد التل - زكريا الشيخ - حنين مسعود\OpenGL_on_a_Windows_Form - Full Version\Debug\OpenGL_on_a_Windows_Form.exe
     1>Done Building Project "C:\Users\AHO\Desktop\عبد الرحمن الحوراني - محمد عيد التل - زكريا الشيخ - حنين مسعود\OpenGL_on_a_Windows_Form - Full Version\OpenGL_on_a_Windows_Form\OpenGL_on_a_Windows_Form.vcxproj" (Build target(s)).

Build succeeded.

Time Elapsed 00:00:41.59
